# JRE version: Java(TM) SE Runtime Environment (7.0_45-b18) (build 1.7.0_45-b18)
# Java VM: Java HotSpot(TM) 64-Bit Server VM (24.45-b08 mixed mode windows-amd64 compressed oops)
Heap
 PSYoungGen      total 147456K, used 78788K [0x00000000eaa80000, 0x00000000f6f00000, 0x0000000100000000)
  eden space 126976K, 45% used [0x00000000eaa80000,0x00000000ee371980,0x00000000f2680000)
  from space 20480K, 99% used [0x00000000f3f00000,0x00000000f52ff800,0x00000000f5300000)
  to   space 25088K, 0% used [0x00000000f2680000,0x00000000f2680000,0x00000000f3f00000)
 ParOldGen       total 78848K, used 37071K [0x00000000c0000000, 0x00000000c4d00000, 0x00000000eaa80000)
  object space 78848K, 47% used [0x00000000c0000000,0x00000000c2433ed0,0x00000000c4d00000)
 PSPermGen       total 93696K, used 54684K [0x00000000b0000000, 0x00000000b5b80000, 0x00000000c0000000)
  object space 93696K, 58% used [0x00000000b0000000,0x00000000b3567020,0x00000000b5b80000)
GC Heap History (10 events):
Event: 63.740 GC heap before
{Heap before GC invocations=18 (full 1):
 PSYoungGen      total 145408K, used 126976K [0x00000000eaa80000, 0x00000000f6080000, 0x0000000100000000)
  eden space 125440K, 100% used [0x00000000eaa80000,0x00000000f2500000,0x00000000f2500000)
  from space 19968K, 7% used [0x00000000f3880000,0x00000000f3a00040,0x00000000f4c00000)
  to   space 19968K, 0% used [0x00000000f2500000,0x00000000f2500000,0x00000000f3880000)
 ParOldGen       total 78848K, used 41834K [0x00000000c0000000, 0x00000000c4d00000, 0x00000000eaa80000)
  object space 78848K, 53% used [0x00000000c0000000,0x00000000c28dab28,0x00000000c4d00000)
 PSPermGen       total 82432K, used 41208K [0x00000000b0000000, 0x00000000b5080000, 0x00000000c0000000)
  object space 82432K, 49% used [0x00000000b0000000,0x00000000b283e120,0x00000000b5080000)
Event: 63.746 GC heap after
Heap after GC invocations=18 (full 1):
 PSYoungGen      total 145408K, used 2480K [0x00000000eaa80000, 0x00000000f5680000, 0x0000000100000000)
  eden space 125440K, 0% used [0x00000000eaa80000,0x00000000eaa80000,0x00000000f2500000)
  from space 19968K, 12% used [0x00000000f2500000,0x00000000f276c030,0x00000000f3880000)
  to   space 19456K, 0% used [0x00000000f4380000,0x00000000f4380000,0x00000000f5680000)
 ParOldGen       total 78848K, used 41834K [0x00000000c0000000, 0x00000000c4d00000, 0x00000000eaa80000)
  object space 78848K, 53% used [0x00000000c0000000,0x00000000c28dab28,0x00000000c4d00000)
 PSPermGen       total 82432K, used 41208K [0x00000000b0000000, 0x00000000b5080000, 0x00000000c0000000)
  object space 82432K, 49% used [0x00000000b0000000,0x00000000b283e120,0x00000000b5080000)
}
Event: 74.198 GC heap before
{Heap before GC invocations=19 (full 1):
 PSYoungGen      total 145408K, used 63721K [0x00000000eaa80000, 0x00000000f5680000, 0x0000000100000000)
  eden space 125440K, 48% used [0x00000000eaa80000,0x00000000ee64e6e0,0x00000000f2500000)
  from space 19968K, 12% used [0x00000000f2500000,0x00000000f276c030,0x00000000f3880000)
  to   space 19456K, 0% used [0x00000000f4380000,0x00000000f4380000,0x00000000f5680000)
 ParOldGen       total 78848K, used 41834K [0x00000000c0000000, 0x00000000c4d00000, 0x00000000eaa80000)
  object space 78848K, 53% used [0x00000000c0000000,0x00000000c28dab28,0x00000000c4d00000)
 PSPermGen       total 82432K, used 42468K [0x00000000b0000000, 0x00000000b5080000, 0x00000000c0000000)
  object space 82432K, 51% used [0x00000000b0000000,0x00000000b2979020,0x00000000b5080000)
Event: 74.205 GC heap after
Heap after GC invocations=19 (full 1):
 PSYoungGen      total 155648K, used 2970K [0x00000000eaa80000, 0x00000000f5580000, 0x0000000100000000)
  eden space 137216K, 0% used [0x00000000eaa80000,0x00000000eaa80000,0x00000000f3080000)
  from space 18432K, 16% used [0x00000000f4380000,0x00000000f4666ba0,0x00000000f5580000)
  to   space 18944K, 0% used [0x00000000f3080000,0x00000000f3080000,0x00000000f4300000)
 ParOldGen       total 78848K, used 41834K [0x00000000c0000000, 0x00000000c4d00000, 0x00000000eaa80000)
  object space 78848K, 53% used [0x00000000c0000000,0x00000000c28dab28,0x00000000c4d00000)
 PSPermGen       total 82432K, used 42468K [0x00000000b0000000, 0x00000000b5080000, 0x00000000c0000000)
  object space 82432K, 51% used [0x00000000b0000000,0x00000000b2979020,0x00000000b5080000)
}
Event: 74.205 GC heap before
{Heap before GC invocations=20 (full 2):
 PSYoungGen      total 155648K, used 2970K [0x00000000eaa80000, 0x00000000f5580000, 0x0000000100000000)
  eden space 137216K, 0% used [0x00000000eaa80000,0x00000000eaa80000,0x00000000f3080000)
  from space 18432K, 16% used [0x00000000f4380000,0x00000000f4666ba0,0x00000000f5580000)
  to   space 18944K, 0% used [0x00000000f3080000,0x00000000f3080000,0x00000000f4300000)
 ParOldGen       total 78848K, used 41834K [0x00000000c0000000, 0x00000000c4d00000, 0x00000000eaa80000)
  object space 78848K, 53% used [0x00000000c0000000,0x00000000c28dab28,0x00000000c4d00000)
 PSPermGen       total 82432K, used 42468K [0x00000000b0000000, 0x00000000b5080000, 0x00000000c0000000)
  object space 82432K, 51% used [0x00000000b0000000,0x00000000b2979020,0x00000000b5080000)
Event: 74.607 GC heap after
Heap after GC invocations=20 (full 2):
 PSYoungGen      total 155648K, used 0K [0x00000000eaa80000, 0x00000000f5580000, 0x0000000100000000)
  eden space 137216K, 0% used [0x00000000eaa80000,0x00000000eaa80000,0x00000000f3080000)
  from space 18432K, 0% used [0x00000000f4380000,0x00000000f4380000,0x00000000f5580000)
  to   space 18944K, 0% used [0x00000000f3080000,0x00000000f3080000,0x00000000f4300000)
 ParOldGen       total 78848K, used 33389K [0x00000000c0000000, 0x00000000c4d00000, 0x00000000eaa80000)
  object space 78848K, 42% used [0x00000000c0000000,0x00000000c209b670,0x00000000c4d00000)
 PSPermGen       total 93696K, used 42431K [0x00000000b0000000, 0x00000000b5b80000, 0x00000000c0000000)
  object space 93696K, 45% used [0x00000000b0000000,0x00000000b296fd80,0x00000000b5b80000)
}
Event: 8472.937 GC heap before
{Heap before GC invocations=21 (full 2):
 PSYoungGen      total 155648K, used 137216K [0x00000000eaa80000, 0x00000000f5580000, 0x0000000100000000)
  eden space 137216K, 100% used [0x00000000eaa80000,0x00000000f3080000,0x00000000f3080000)
  from space 18432K, 0% used [0x00000000f4380000,0x00000000f4380000,0x00000000f5580000)
  to   space 18944K, 0% used [0x00000000f3080000,0x00000000f3080000,0x00000000f4300000)
 ParOldGen       total 78848K, used 33389K [0x00000000c0000000, 0x00000000c4d00000, 0x00000000eaa80000)
  object space 78848K, 42% used [0x00000000c0000000,0x00000000c209b670,0x00000000c4d00000)
 PSPermGen       total 93696K, used 46664K [0x00000000b0000000, 0x00000000b5b80000, 0x00000000c0000000)
  object space 93696K, 49% used [0x00000000b0000000,0x00000000b2d92320,0x00000000b5b80000)
Event: 8476.729 GC heap after
Heap after GC invocations=21 (full 2):
 PSYoungGen      total 145408K, used 13355K [0x00000000eaa80000, 0x00000000f5300000, 0x0000000100000000)
  eden space 131584K, 0% used [0x00000000eaa80000,0x00000000eaa80000,0x00000000f2b00000)
  from space 13824K, 96% used [0x00000000f3080000,0x00000000f3d8af70,0x00000000f3e00000)
  to   space 20480K, 0% used [0x00000000f3f00000,0x00000000f3f00000,0x00000000f5300000)
 ParOldGen       total 78848K, used 33389K [0x00000000c0000000, 0x00000000c4d00000, 0x00000000eaa80000)
  object space 78848K, 42% used [0x00000000c0000000,0x00000000c209b670,0x00000000c4d00000)
 PSPermGen       total 93696K, used 46664K [0x00000000b0000000, 0x00000000b5b80000, 0x00000000c0000000)
  object space 93696K, 49% used [0x00000000b0000000,0x00000000b2d92320,0x00000000b5b80000)
}
Event: 8507.450 GC heap before
{Heap before GC invocations=22 (full 2):
 PSYoungGen      total 145408K, used 144939K [0x00000000eaa80000, 0x00000000f5300000, 0x0000000100000000)
  eden space 131584K, 100% used [0x00000000eaa80000,0x00000000f2b00000,0x00000000f2b00000)
  from space 13824K, 96% used [0x00000000f3080000,0x00000000f3d8af70,0x00000000f3e00000)
  to   space 20480K, 0% used [0x00000000f3f00000,0x00000000f3f00000,0x00000000f5300000)
 ParOldGen       total 78848K, used 33389K [0x00000000c0000000, 0x00000000c4d00000, 0x00000000eaa80000)
  object space 78848K, 42% used [0x00000000c0000000,0x00000000c209b670,0x00000000c4d00000)
 PSPermGen       total 93696K, used 53878K [0x00000000b0000000, 0x00000000b5b80000, 0x00000000c0000000)
  object space 93696K, 57% used [0x00000000b0000000,0x00000000b349dac0,0x00000000b5b80000)
Event: 8508.533 GC heap after
Heap after GC invocations=22 (full 2):
 PSYoungGen      total 147456K, used 20478K [0x00000000eaa80000, 0x00000000f6f00000, 0x0000000100000000)
  eden space 126976K, 0% used [0x00000000eaa80000,0x00000000eaa80000,0x00000000f2680000)
  from space 20480K, 99% used [0x00000000f3f00000,0x00000000f52ff800,0x00000000f5300000)
  to   space 25088K, 0% used [0x00000000f2680000,0x00000000f2680000,0x00000000f3f00000)
 ParOldGen       total 78848K, used 37071K [0x00000000c0000000, 0x00000000c4d00000, 0x00000000eaa80000)
  object space 78848K, 47% used [0x00000000c0000000,0x00000000c2433ed0,0x00000000c4d00000)
 PSPermGen       total 93696K, used 53878K [0x00000000b0000000, 0x00000000b5b80000, 0x00000000c0000000)
  object space 93696K, 57% used [0x00000000b0000000,0x00000000b349dac0,0x00000000b5b80000)
}

